2025-04-10 08:02:22 - INFO - WebSocket 服务器启动中...
2025-04-10 08:02:22 - INFO - 服务启动在端口5000...
2025-04-10 08:07:30 - INFO - WebSocket 服务器启动中...
2025-04-10 08:07:30 - INFO - 服务启动在端口5000...
2025-04-10 08:24:33 - INFO - WebSocket 服务器启动中...
2025-04-10 08:24:33 - INFO - 服务启动在端口5000...
2025-04-10 08:24:33 - INFO - WebSocket 连接已建立
2025-04-10 08:24:40 - INFO - 收到消息: {"operation":"FindModelDetails","FindModelDetails":{}}
2025-04-10 09:00:42 - INFO - WebSocket 服务器启动中...
2025-04-10 09:00:42 - INFO - 服务启动在端口5000...
2025-04-10 09:01:11 - INFO - WebSocket 连接已建立
2025-04-10 09:01:22 - INFO - 收到消息: {"operation":"FindModelDetails","FindModelDetails":{}}
2025-04-10 09:09:36 - INFO - WebSocket 服务器启动中...
2025-04-10 09:09:36 - INFO - 服务启动在端口5000...
2025-04-10 09:09:39 - INFO - WebSocket 连接已建立
2025-04-10 09:09:42 - INFO - 收到消息: {"operation":"FindModelDetails","FindModelDetails":{}}
2025-04-10 09:12:52 - INFO - WebSocket 服务器启动中...
2025-04-10 09:12:52 - INFO - 服务启动在端口5000...
2025-04-10 09:12:54 - INFO - WebSocket 连接已建立
2025-04-10 09:12:57 - INFO - 收到消息: {"operation":"FindModelDetails","FindModelDetails":{}}
2025-04-10 09:14:28 - INFO - WebSocket 服务器启动中...
2025-04-10 09:14:28 - INFO - 服务启动在端口5000...
2025-04-10 09:14:28 - INFO - WebSocket 连接已建立
2025-04-10 09:14:39 - INFO - 收到消息: {"operation":"FindModelDetails","FindModelDetails":{}}
2025-04-10 09:17:35 - INFO - WebSocket 服务器启动中...
2025-04-10 09:17:36 - INFO - 服务启动在端口5000...
2025-04-10 09:18:24 - INFO - WebSocket 服务器启动中...
2025-04-10 09:18:24 - INFO - 服务启动在端口5000...
2025-04-10 09:18:35 - INFO - WebSocket 连接已建立
2025-04-10 09:18:40 - INFO - 收到消息: {"operation":"FindModelDetails","FindModelDetails":{}}
2025-04-10 09:21:46 - INFO - WebSocket 服务器启动中...
2025-04-10 09:21:46 - INFO - 服务启动在端口5000...
2025-04-10 09:21:47 - INFO - WebSocket 连接已建立
2025-04-10 09:21:49 - INFO - 收到消息: {"operation":"FindModelDetails","FindModelDetails":{}}
2025-04-10 09:25:19 - INFO - WebSocket 服务器启动中...
2025-04-10 09:25:19 - INFO - 服务启动在端口5000...
2025-04-10 09:25:21 - INFO - WebSocket 连接已建立
2025-04-10 09:25:25 - INFO - 收到消息: {"operation":"FindModelDetails","FindModelDetails":{}}
2025-04-10 09:29:25 - INFO - WebSocket 服务器启动中...
2025-04-10 09:29:25 - INFO - 服务启动在端口5000...
2025-04-10 09:29:28 - INFO - WebSocket 连接已建立
2025-04-10 09:29:39 - INFO - 收到消息: {"operation":"FindModelDetails","FindModelDetails":{}}
2025-04-10 09:37:32 - INFO - WebSocket 服务器启动中...
2025-04-10 09:37:32 - INFO - 服务启动在端口5000...
2025-04-10 09:37:34 - INFO - WebSocket 连接已建立
2025-04-10 09:37:38 - INFO - 收到消息: {"operation":"FindModelDetails","FindModelDetails":{}}
2025-04-10 09:41:18 - INFO - WebSocket 服务器启动中...
2025-04-10 09:41:18 - INFO - 服务启动在端口5000...
2025-04-10 09:41:18 - INFO - WebSocket 连接已建立
2025-04-10 09:41:21 - INFO - 收到消息: {"operation":"FindModelDetails","FindModelDetails":{}}
2025-04-10 09:45:53 - INFO - WebSocket 服务器启动中...
2025-04-10 09:45:53 - INFO - 服务启动在端口5000...
2025-04-10 09:45:56 - INFO - WebSocket 连接已建立
2025-04-10 09:45:59 - INFO - 收到消息: {"operation":"FindModelDetails","FindModelDetails":{}}
2025-04-10 09:51:25 - INFO - WebSocket 服务器启动中...
2025-04-10 09:51:26 - INFO - 服务启动在端口5000...
2025-04-10 09:51:27 - INFO - WebSocket 连接已建立
2025-04-10 09:51:29 - INFO - 收到消息: {"operation":"FindModelDetails","FindModelDetails":{}}
2025-04-10 09:53:58 - INFO - WebSocket 服务器启动中...
2025-04-10 09:53:58 - INFO - 服务启动在端口5000...
2025-04-10 09:53:58 - INFO - WebSocket 连接已建立
2025-04-10 09:54:01 - INFO - 收到消息: {"operation":"FindModelDetails","FindModelDetails":{}}
2025-04-10 09:54:59 - INFO - WebSocket 服务器启动中...
2025-04-10 09:54:59 - INFO - 服务启动在端口5000...
2025-04-10 09:55:02 - INFO - WebSocket 连接已建立
2025-04-10 09:55:04 - INFO - 收到消息: {"operation":"FindModelDetails","FindModelDetails":{}}
2025-04-10 09:55:04 - INFO - 发送数据 - {'operation': 'FindModelDetails', 'status': True, 'result': {'FindModelDetails': {'score': 0.95}}}
2025-04-10 10:14:32 - INFO - WebSocket 服务器启动中...
2025-04-10 10:14:32 - INFO - 服务启动在端口5000...
2025-04-10 10:14:34 - INFO - WebSocket 连接已建立
2025-04-10 10:14:35 - INFO - 收到消息: {"operation":"FindModelDetails","FindModelDetails":{}}
2025-04-10 10:45:30 - INFO - WebSocket 服务器启动中...
2025-04-10 10:45:30 - INFO - 服务启动在端口5000...
2025-04-10 10:45:44 - INFO - WebSocket 连接已建立
2025-04-10 10:45:53 - INFO - 收到消息: {"operation":"FindModelDetails","FindModelDetails":{}}
2025-04-10 10:45:53 - INFO - 找到了对应的模块-units.FindModelDetails
2025-04-10 10:45:53 - INFO - 去寻找对应的函数
2025-04-10 10:45:53 - INFO - 找到了对应的函数-<function FindModelDetails at 0x0000013ACB576950>
2025-04-10 11:14:06 - INFO - WebSocket 服务器启动中...
2025-04-10 11:15:12 - INFO - WebSocket 服务器启动中...
2025-04-10 11:15:32 - INFO - WebSocket 服务器启动中...
2025-04-10 11:15:52 - INFO - WebSocket 服务器启动中...
2025-04-10 11:15:52 - INFO - 服务启动在端口5000...
2025-04-10 11:16:09 - INFO - WebSocket 连接已建立
2025-04-10 11:17:18 - INFO - WebSocket 服务器启动中...
2025-04-10 11:17:18 - INFO - 服务启动在端口5000...
2025-04-10 11:17:20 - INFO - WebSocket 连接已建立
2025-04-10 11:17:24 - INFO - 接收到请求 #1: {"operation":"FindModelDetails","FindModelDetails":{}}
2025-04-10 11:17:24 - INFO - 找到了对应的模块-units.FindModelDetails
2025-04-10 11:17:24 - INFO - 去寻找对应的函数
2025-04-10 11:17:24 - INFO - 找到了对应的函数-<function FindModelDetails at 0x0000019326C569E0>
2025-04-10 11:17:30 - INFO - 接收到请求 #2: {"operation":"FindModelDetails","FindModelDetails":{}}
2025-04-10 11:17:30 - INFO - 找到了对应的模块-units.FindModelDetails
2025-04-10 11:17:30 - INFO - 去寻找对应的函数
2025-04-10 11:17:30 - INFO - 找到了对应的函数-<function FindModelDetails at 0x0000019326C569E0>
